build/app/intermediates/manifest_merge_blame_file/debug/manifest-merger-blame-debug-report.txt
1<?xml version="1.0" encoding="utf-8"?>
2<manifest xmlns:android="http://schemas.android.com/apk/res/android"
3    package="com.example.amazon_clone_tutorial"
4    android:versionCode="1"
5    android:versionName="1.0.0" >
6
7    <uses-sdk
8        android:minSdkVersion="19"
9        android:targetSdkVersion="31" />
10    <!--
11         Flutter needs it to communicate with the running application
12         to allow setting breakpoints, to provide hot reload, etc.
13    -->
14    <uses-permission android:name="android.permission.INTERNET" />
14-->src\main\AndroidManifest.xml:4:5-66
14-->src\main\AndroidManifest.xml:4:22-64
15    <uses-permission android:name="android.permission.READ_EXTERNAL_STORAGE" />
15-->[:file_picker] AndroidManifest.xml:7:5-80
15-->[:file_picker] AndroidManifest.xml:7:22-77
16
17    <queries>
17-->[:file_picker] AndroidManifest.xml:9:5-15:15
18        <intent>
18-->[:file_picker] AndroidManifest.xml:10:9-14:18
19            <action android:name="android.intent.action.GET_CONTENT" />
19-->[:file_picker] AndroidManifest.xml:11:13-72
19-->[:file_picker] AndroidManifest.xml:11:21-69
20
21            <data android:mimeType="*/*" />
21-->[:file_picker] AndroidManifest.xml:13:13-44
21-->[:file_picker] AndroidManifest.xml:13:19-41
22        </intent>
23    </queries>
24
25    <uses-permission android:name="android.permission.ACCESS_NETWORK_STATE" />
25-->[com.google.firebase:firebase-auth:21.0.6] AndroidManifest.xml:24:5-79
25-->[com.google.firebase:firebase-auth:21.0.6] AndroidManifest.xml:24:22-76
26    <uses-permission android:name="android.permission.WAKE_LOCK" />
26-->[com.google.android.gms:play-services-measurement-api:21.1.0] AndroidManifest.xml:24:5-68
26-->[com.google.android.gms:play-services-measurement-api:21.1.0] AndroidManifest.xml:24:22-65
27    <uses-permission android:name="com.google.android.finsky.permission.BIND_GET_INSTALL_REFERRER_SERVICE" />
27-->[com.google.android.gms:play-services-measurement:21.1.0] AndroidManifest.xml:26:5-110
27-->[com.google.android.gms:play-services-measurement:21.1.0] AndroidManifest.xml:26:22-107
28
29    <uses-feature
29-->[com.google.android.gms:play-services-maps:17.0.0] AndroidManifest.xml:26:5-28:35
30        android:glEsVersion="0x00020000"
30-->[com.google.android.gms:play-services-maps:17.0.0] AndroidManifest.xml:27:9-41
31        android:required="true" />
31-->[com.google.android.gms:play-services-maps:17.0.0] AndroidManifest.xml:28:9-32
32
33    <application
34        android:name="android.app.Application"
35        android:appComponentFactory="androidx.core.app.CoreComponentFactory"
35-->[androidx.core:core:1.6.0] AndroidManifest.xml:24:18-86
36        android:debuggable="true"
37        android:hardwareAccelerated="true"
38        android:icon="@mipmap/launcher_icon"
39        android:label="Relishers"
40        android:supportsRtl="true" >
40-->[com.facebook.android:facebook-login:14.1.0] AndroidManifest.xml:28:18-44
41        <activity
42            android:name="com.example.amazon_clone_tutorial.MainActivity"
43            android:configChanges="orientation|keyboardHidden|keyboard|screenSize|smallestScreenSize|locale|layoutDirection|fontScale|screenLayout|density|uiMode"
44            android:exported="true"
45            android:hardwareAccelerated="true"
46            android:launchMode="singleTop"
47            android:theme="@style/LaunchTheme"
48            android:windowSoftInputMode="adjustResize" >
49
50            <!--
51                 Specifies an Android theme to apply to this Activity as soon as
52                 the Android process has started. This theme is visible to the user
53                 while the Flutter UI initializes. After that, this theme continues
54                 to determine the Window background behind the Flutter UI.
55            -->
56            <meta-data
57                android:name="io.flutter.embedding.android.NormalTheme"
58                android:resource="@style/NormalTheme" />
59
60            <intent-filter>
61                <action android:name="android.intent.action.MAIN" />
62
63                <category android:name="android.intent.category.LAUNCHER" />
64            </intent-filter>
65        </activity>
66        <!--
67             Don't delete the meta-data below.
68             This is used by the Flutter tool to generate GeneratedPluginRegistrant.java
69        -->
70        <meta-data
71            android:name="flutterEmbedding"
72            android:value="2" />
73        <meta-data
74            android:name="com.facebook.sdk.ApplicationId"
75            android:value="@string/facebook_app_id" />
76        <meta-data
77            android:name="com.facebook.sdk.ClientToken"
78            android:value="@string/facebook_client_token" />
79
80        <activity
81            android:name="com.facebook.FacebookActivity"
82            android:configChanges="keyboard|keyboardHidden|screenLayout|screenSize|orientation"
83            android:label="@string/app_name"
84            android:theme="@style/com_facebook_activity_theme" />
84-->[com.facebook.android:facebook-common:14.1.0] AndroidManifest.xml:33:13-63
85        <activity
86            android:name="com.facebook.CustomTabActivity"
87            android:exported="true" >
88            <intent-filter>
89                <action android:name="android.intent.action.VIEW" />
89-->[com.google.firebase:firebase-auth:21.0.6] AndroidManifest.xml:34:17-69
89-->[com.google.firebase:firebase-auth:21.0.6] AndroidManifest.xml:34:25-66
90
91                <category android:name="android.intent.category.DEFAULT" />
91-->[com.google.firebase:firebase-auth:21.0.6] AndroidManifest.xml:36:17-76
91-->[com.google.firebase:firebase-auth:21.0.6] AndroidManifest.xml:36:27-73
92                <category android:name="android.intent.category.BROWSABLE" />
92-->[com.google.firebase:firebase-auth:21.0.6] AndroidManifest.xml:37:17-78
92-->[com.google.firebase:firebase-auth:21.0.6] AndroidManifest.xml:37:27-75
93
94                <data android:scheme="@string/fb_login_protocol_scheme" />
94-->[:file_picker] AndroidManifest.xml:13:13-44
95            </intent-filter>
96            <intent-filter>
96-->[com.facebook.android:facebook-common:14.1.0] AndroidManifest.xml:39:13-48:29
97                <action android:name="android.intent.action.VIEW" />
97-->[com.google.firebase:firebase-auth:21.0.6] AndroidManifest.xml:34:17-69
97-->[com.google.firebase:firebase-auth:21.0.6] AndroidManifest.xml:34:25-66
98
99                <category android:name="android.intent.category.DEFAULT" />
99-->[com.google.firebase:firebase-auth:21.0.6] AndroidManifest.xml:36:17-76
99-->[com.google.firebase:firebase-auth:21.0.6] AndroidManifest.xml:36:27-73
100                <category android:name="android.intent.category.BROWSABLE" />
100-->[com.google.firebase:firebase-auth:21.0.6] AndroidManifest.xml:37:17-78
100-->[com.google.firebase:firebase-auth:21.0.6] AndroidManifest.xml:37:27-75
101
102                <data
102-->[:file_picker] AndroidManifest.xml:13:13-44
103                    android:host="cct.com.example.amazon_clone_tutorial"
104                    android:scheme="fbconnect" />
105            </intent-filter>
106        </activity>
107
108        <service
108-->[:firebase_auth] AndroidManifest.xml:8:9-12:19
109            android:name="com.google.firebase.components.ComponentDiscoveryService"
109-->[:firebase_auth] AndroidManifest.xml:8:18-89
110            android:directBootAware="true"
110-->[com.google.firebase:firebase-common:20.1.1] AndroidManifest.xml:35:13-43
111            android:exported="false" >
111-->[com.google.firebase:firebase-auth:21.0.6] AndroidManifest.xml:66:13-37
112            <meta-data
112-->[:firebase_auth] AndroidManifest.xml:9:13-11:85
113                android:name="com.google.firebase.components:io.flutter.plugins.firebase.auth.FlutterFirebaseAuthRegistrar"
113-->[:firebase_auth] AndroidManifest.xml:10:17-124
114                android:value="com.google.firebase.components.ComponentRegistrar" />
114-->[:firebase_auth] AndroidManifest.xml:11:17-82
115            <meta-data
115-->[:firebase_core] AndroidManifest.xml:9:13-11:85
116                android:name="com.google.firebase.components:io.flutter.plugins.firebase.core.FlutterFirebaseCoreRegistrar"
116-->[:firebase_core] AndroidManifest.xml:10:17-124
117                android:value="com.google.firebase.components.ComponentRegistrar" />
117-->[:firebase_core] AndroidManifest.xml:11:17-82
118            <meta-data
118-->[com.google.firebase:firebase-auth:21.0.6] AndroidManifest.xml:67:13-69:85
119                android:name="com.google.firebase.components:com.google.firebase.auth.FirebaseAuthRegistrar"
119-->[com.google.firebase:firebase-auth:21.0.6] AndroidManifest.xml:68:17-109
120                android:value="com.google.firebase.components.ComponentRegistrar" />
120-->[com.google.firebase:firebase-auth:21.0.6] AndroidManifest.xml:69:17-82
121            <meta-data
121-->[com.google.android.gms:play-services-measurement-api:21.1.0] AndroidManifest.xml:31:13-33:85
122                android:name="com.google.firebase.components:com.google.firebase.analytics.connector.internal.AnalyticsConnectorRegistrar"
122-->[com.google.android.gms:play-services-measurement-api:21.1.0] AndroidManifest.xml:32:17-139
123                android:value="com.google.firebase.components.ComponentRegistrar" />
123-->[com.google.android.gms:play-services-measurement-api:21.1.0] AndroidManifest.xml:33:17-82
124            <meta-data
124-->[com.google.firebase:firebase-installations:17.0.1] AndroidManifest.xml:18:13-20:85
125                android:name="com.google.firebase.components:com.google.firebase.installations.FirebaseInstallationsRegistrar"
125-->[com.google.firebase:firebase-installations:17.0.1] AndroidManifest.xml:19:17-127
126                android:value="com.google.firebase.components.ComponentRegistrar" />
126-->[com.google.firebase:firebase-installations:17.0.1] AndroidManifest.xml:20:17-82
127        </service>
128
129        <meta-data
129-->[:pay_android] AndroidManifest.xml:12:9-14:36
130            android:name="com.google.android.gms.wallet.api.enabled"
130-->[:pay_android] AndroidManifest.xml:13:13-69
131            android:value="true" />
131-->[:pay_android] AndroidManifest.xml:14:13-33
132
133        <uses-library
133-->[androidx.window:window:1.0.0-beta04] AndroidManifest.xml:25:9-27:40
134            android:name="androidx.window.extensions"
134-->[androidx.window:window:1.0.0-beta04] AndroidManifest.xml:26:13-54
135            android:required="false" />
135-->[androidx.window:window:1.0.0-beta04] AndroidManifest.xml:27:13-37
136        <uses-library
136-->[androidx.window:window:1.0.0-beta04] AndroidManifest.xml:28:9-30:40
137            android:name="androidx.window.sidecar"
137-->[androidx.window:window:1.0.0-beta04] AndroidManifest.xml:29:13-51
138            android:required="false" />
138-->[androidx.window:window:1.0.0-beta04] AndroidManifest.xml:30:13-37
139
140        <activity
140-->[com.google.firebase:firebase-auth:21.0.6] AndroidManifest.xml:27:9-44:20
141            android:name="com.google.firebase.auth.internal.GenericIdpActivity"
141-->[com.google.firebase:firebase-auth:21.0.6] AndroidManifest.xml:28:13-80
142            android:excludeFromRecents="true"
142-->[com.google.firebase:firebase-auth:21.0.6] AndroidManifest.xml:29:13-46
143            android:exported="true"
143-->[com.google.firebase:firebase-auth:21.0.6] AndroidManifest.xml:30:13-36
144            android:launchMode="singleTask"
144-->[com.google.firebase:firebase-auth:21.0.6] AndroidManifest.xml:31:13-44
145            android:theme="@android:style/Theme.Translucent.NoTitleBar" >
145-->[com.google.firebase:firebase-auth:21.0.6] AndroidManifest.xml:32:13-72
146            <intent-filter>
146-->[com.google.firebase:firebase-auth:21.0.6] AndroidManifest.xml:33:13-43:29
147                <action android:name="android.intent.action.VIEW" />
147-->[com.google.firebase:firebase-auth:21.0.6] AndroidManifest.xml:34:17-69
147-->[com.google.firebase:firebase-auth:21.0.6] AndroidManifest.xml:34:25-66
148
149                <category android:name="android.intent.category.DEFAULT" />
149-->[com.google.firebase:firebase-auth:21.0.6] AndroidManifest.xml:36:17-76
149-->[com.google.firebase:firebase-auth:21.0.6] AndroidManifest.xml:36:27-73
150                <category android:name="android.intent.category.BROWSABLE" />
150-->[com.google.firebase:firebase-auth:21.0.6] AndroidManifest.xml:37:17-78
150-->[com.google.firebase:firebase-auth:21.0.6] AndroidManifest.xml:37:27-75
151
152                <data
152-->[:file_picker] AndroidManifest.xml:13:13-44
153                    android:host="firebase.auth"
154                    android:path="/"
155                    android:scheme="genericidp" />
156            </intent-filter>
157        </activity>
158        <activity
158-->[com.google.firebase:firebase-auth:21.0.6] AndroidManifest.xml:45:9-62:20
159            android:name="com.google.firebase.auth.internal.RecaptchaActivity"
159-->[com.google.firebase:firebase-auth:21.0.6] AndroidManifest.xml:46:13-79
160            android:excludeFromRecents="true"
160-->[com.google.firebase:firebase-auth:21.0.6] AndroidManifest.xml:47:13-46
161            android:exported="true"
161-->[com.google.firebase:firebase-auth:21.0.6] AndroidManifest.xml:48:13-36
162            android:launchMode="singleTask"
162-->[com.google.firebase:firebase-auth:21.0.6] AndroidManifest.xml:49:13-44
163            android:theme="@android:style/Theme.Translucent.NoTitleBar" >
163-->[com.google.firebase:firebase-auth:21.0.6] AndroidManifest.xml:50:13-72
164            <intent-filter>
164-->[com.google.firebase:firebase-auth:21.0.6] AndroidManifest.xml:51:13-61:29
165                <action android:name="android.intent.action.VIEW" />
165-->[com.google.firebase:firebase-auth:21.0.6] AndroidManifest.xml:34:17-69
165-->[com.google.firebase:firebase-auth:21.0.6] AndroidManifest.xml:34:25-66
166
167                <category android:name="android.intent.category.DEFAULT" />
167-->[com.google.firebase:firebase-auth:21.0.6] AndroidManifest.xml:36:17-76
167-->[com.google.firebase:firebase-auth:21.0.6] AndroidManifest.xml:36:27-73
168                <category android:name="android.intent.category.BROWSABLE" />
168-->[com.google.firebase:firebase-auth:21.0.6] AndroidManifest.xml:37:17-78
168-->[com.google.firebase:firebase-auth:21.0.6] AndroidManifest.xml:37:27-75
169
170                <data
170-->[:file_picker] AndroidManifest.xml:13:13-44
171                    android:host="firebase.auth"
172                    android:path="/"
173                    android:scheme="recaptcha" />
174            </intent-filter>
175        </activity>
176
177        <provider
177-->[com.google.firebase:firebase-common:20.1.1] AndroidManifest.xml:26:9-31:39
178            android:name="com.google.firebase.provider.FirebaseInitProvider"
178-->[com.google.firebase:firebase-common:20.1.1] AndroidManifest.xml:27:13-77
179            android:authorities="com.example.amazon_clone_tutorial.firebaseinitprovider"
179-->[com.google.firebase:firebase-common:20.1.1] AndroidManifest.xml:28:13-72
180            android:directBootAware="true"
180-->[com.google.firebase:firebase-common:20.1.1] AndroidManifest.xml:29:13-43
181            android:exported="false"
181-->[com.google.firebase:firebase-common:20.1.1] AndroidManifest.xml:30:13-37
182            android:initOrder="100" />
182-->[com.google.firebase:firebase-common:20.1.1] AndroidManifest.xml:31:13-36
183
184        <activity android:name="com.facebook.CustomTabMainActivity" />
184-->[com.facebook.android:facebook-common:14.1.0] AndroidManifest.xml:34:9-71
184-->[com.facebook.android:facebook-common:14.1.0] AndroidManifest.xml:34:19-68
185        <!--
186         The initialization ContentProvider will call FacebookSdk.sdkInitialize automatically
187         with the application context. This config is merged in with the host app's manifest,
188         but there can only be one provider with the same authority activated at any given
189         point; so if the end user has two or more different apps that use Facebook SDK, only the
190         first one will be able to use the provider. To work around this problem, we use the
191         following placeholder in the authority to identify each host application as if it was
192         a completely different provider.
193        -->
194        <provider
194-->[com.facebook.android:facebook-core:14.1.0] AndroidManifest.xml:41:9-44:40
195            android:name="com.facebook.internal.FacebookInitProvider"
195-->[com.facebook.android:facebook-core:14.1.0] AndroidManifest.xml:42:13-70
196            android:authorities="com.example.amazon_clone_tutorial.FacebookInitProvider"
196-->[com.facebook.android:facebook-core:14.1.0] AndroidManifest.xml:43:13-72
197            android:exported="false" />
197-->[com.facebook.android:facebook-core:14.1.0] AndroidManifest.xml:44:13-37
198
199        <receiver
199-->[com.facebook.android:facebook-core:14.1.0] AndroidManifest.xml:46:9-52:20
200            android:name="com.facebook.CurrentAccessTokenExpirationBroadcastReceiver"
200-->[com.facebook.android:facebook-core:14.1.0] AndroidManifest.xml:47:13-86
201            android:exported="false" >
201-->[com.facebook.android:facebook-core:14.1.0] AndroidManifest.xml:48:13-37
202            <intent-filter>
202-->[com.facebook.android:facebook-core:14.1.0] AndroidManifest.xml:49:13-51:29
203                <action android:name="com.facebook.sdk.ACTION_CURRENT_ACCESS_TOKEN_CHANGED" />
203-->[com.facebook.android:facebook-core:14.1.0] AndroidManifest.xml:50:17-95
203-->[com.facebook.android:facebook-core:14.1.0] AndroidManifest.xml:50:25-92
204            </intent-filter>
205        </receiver>
206        <receiver
206-->[com.facebook.android:facebook-core:14.1.0] AndroidManifest.xml:53:9-59:20
207            android:name="com.facebook.AuthenticationTokenManager$CurrentAuthenticationTokenChangedBroadcastReceiver"
207-->[com.facebook.android:facebook-core:14.1.0] AndroidManifest.xml:54:13-118
208            android:exported="false" >
208-->[com.facebook.android:facebook-core:14.1.0] AndroidManifest.xml:55:13-37
209            <intent-filter>
209-->[com.facebook.android:facebook-core:14.1.0] AndroidManifest.xml:56:13-58:29
210                <action android:name="com.facebook.sdk.ACTION_CURRENT_AUTHENTICATION_TOKEN_CHANGED" />
210-->[com.facebook.android:facebook-core:14.1.0] AndroidManifest.xml:57:17-103
210-->[com.facebook.android:facebook-core:14.1.0] AndroidManifest.xml:57:25-100
211            </intent-filter>
212        </receiver>
213
214        <activity
214-->[com.google.android.gms:play-services-auth:20.0.1] AndroidManifest.xml:23:9-27:75
215            android:name="com.google.android.gms.auth.api.signin.internal.SignInHubActivity"
215-->[com.google.android.gms:play-services-auth:20.0.1] AndroidManifest.xml:24:13-93
216            android:excludeFromRecents="true"
216-->[com.google.android.gms:play-services-auth:20.0.1] AndroidManifest.xml:25:13-46
217            android:exported="false"
217-->[com.google.android.gms:play-services-auth:20.0.1] AndroidManifest.xml:26:13-37
218            android:theme="@android:style/Theme.Translucent.NoTitleBar" />
218-->[com.google.android.gms:play-services-auth:20.0.1] AndroidManifest.xml:27:13-72
219        <!--
220            Service handling Google Sign-In user revocation. For apps that do not integrate with
221            Google Sign-In, this service will never be started.
222        -->
223        <service
223-->[com.google.android.gms:play-services-auth:20.0.1] AndroidManifest.xml:33:9-37:51
224            android:name="com.google.android.gms.auth.api.signin.RevocationBoundService"
224-->[com.google.android.gms:play-services-auth:20.0.1] AndroidManifest.xml:34:13-89
225            android:exported="true"
225-->[com.google.android.gms:play-services-auth:20.0.1] AndroidManifest.xml:35:13-36
226            android:permission="com.google.android.gms.auth.api.signin.permission.REVOCATION_NOTIFICATION"
226-->[com.google.android.gms:play-services-auth:20.0.1] AndroidManifest.xml:36:13-107
227            android:visibleToInstantApps="true" />
227-->[com.google.android.gms:play-services-auth:20.0.1] AndroidManifest.xml:37:13-48
228
229        <receiver
229-->[com.google.android.gms:play-services-measurement:21.1.0] AndroidManifest.xml:29:9-33:20
230            android:name="com.google.android.gms.measurement.AppMeasurementReceiver"
230-->[com.google.android.gms:play-services-measurement:21.1.0] AndroidManifest.xml:30:13-85
231            android:enabled="true"
231-->[com.google.android.gms:play-services-measurement:21.1.0] AndroidManifest.xml:31:13-35
232            android:exported="false" >
232-->[com.google.android.gms:play-services-measurement:21.1.0] AndroidManifest.xml:32:13-37
233        </receiver>
234
235        <service
235-->[com.google.android.gms:play-services-measurement:21.1.0] AndroidManifest.xml:35:9-38:40
236            android:name="com.google.android.gms.measurement.AppMeasurementService"
236-->[com.google.android.gms:play-services-measurement:21.1.0] AndroidManifest.xml:36:13-84
237            android:enabled="true"
237-->[com.google.android.gms:play-services-measurement:21.1.0] AndroidManifest.xml:37:13-35
238            android:exported="false" />
238-->[com.google.android.gms:play-services-measurement:21.1.0] AndroidManifest.xml:38:13-37
239        <service
239-->[com.google.android.gms:play-services-measurement:21.1.0] AndroidManifest.xml:39:9-43:72
240            android:name="com.google.android.gms.measurement.AppMeasurementJobService"
240-->[com.google.android.gms:play-services-measurement:21.1.0] AndroidManifest.xml:40:13-87
241            android:enabled="true"
241-->[com.google.android.gms:play-services-measurement:21.1.0] AndroidManifest.xml:41:13-35
242            android:exported="false"
242-->[com.google.android.gms:play-services-measurement:21.1.0] AndroidManifest.xml:42:13-37
243            android:permission="android.permission.BIND_JOB_SERVICE" /> <!-- Needs to be explicitly declared on P+ -->
243-->[com.google.android.gms:play-services-measurement:21.1.0] AndroidManifest.xml:43:13-69
244        <uses-library
244-->[com.google.android.gms:play-services-maps:17.0.0] AndroidManifest.xml:33:9-35:40
245            android:name="org.apache.http.legacy"
245-->[com.google.android.gms:play-services-maps:17.0.0] AndroidManifest.xml:34:13-50
246            android:required="false" />
246-->[com.google.android.gms:play-services-maps:17.0.0] AndroidManifest.xml:35:13-37
247
248        <activity
248-->[com.google.android.gms:play-services-base:18.0.1] AndroidManifest.xml:20:9-22:45
249            android:name="com.google.android.gms.common.api.GoogleApiActivity"
249-->[com.google.android.gms:play-services-base:18.0.1] AndroidManifest.xml:20:19-85
250            android:exported="false"
250-->[com.google.android.gms:play-services-base:18.0.1] AndroidManifest.xml:22:19-43
251            android:theme="@android:style/Theme.Translucent.NoTitleBar" />
251-->[com.google.android.gms:play-services-base:18.0.1] AndroidManifest.xml:21:19-78
252
253        <meta-data
253-->[com.google.android.gms:play-services-basement:18.0.0] AndroidManifest.xml:21:9-23:69
254            android:name="com.google.android.gms.version"
254-->[com.google.android.gms:play-services-basement:18.0.0] AndroidManifest.xml:22:13-58
255            android:value="@integer/google_play_services_version" />
255-->[com.google.android.gms:play-services-basement:18.0.0] AndroidManifest.xml:23:13-66
256    </application>
257
258</manifest>